<?xml version="1.0" encoding="utf-8"?><testsuites name="pytest tests"><testsuite name="pytest" errors="0" failures="2" skipped="0" tests="15" time="0.966" timestamp="2026-01-20T11:41:38.612841+00:00" hostname="agent-env-8277328e-4443-4e79-a747-8db76a71480e"><testcase classname="tests.test_task_dependencies.TestTaskDependenciesFields" name="test_task_has_blocked_by_field" time="0.425" /><testcase classname="tests.test_task_dependencies.TestTaskDependenciesFields" name="test_task_has_blocks_field" time="0.052" /><testcase classname="tests.test_task_dependencies.TestTaskDependenciesFields" name="test_create_task_with_dependencies" time="0.010" /><testcase classname="tests.test_task_dependencies.TestUpdateDependenciesViaTaskUpdate" name="test_update_blocked_by_via_task_update" time="0.013" /><testcase classname="tests.test_task_dependencies.TestUpdateDependenciesViaTaskUpdate" name="test_update_blocks_via_task_update" time="0.053" /><testcase classname="tests.test_task_dependencies.TestUpdateDependenciesViaTaskUpdate" name="test_clear_dependencies" time="0.012" /><testcase classname="tests.test_task_dependencies.TestDependenciesEndpoint" name="test_dependencies_endpoint_requires_auth" time="0.007" /><testcase classname="tests.test_task_dependencies.TestDependenciesEndpoint" name="test_update_dependencies_via_endpoint" time="0.019"><failure message="AssertionError: Task B should be blocked by Task A&#10;assert 'task_4bb1b515e71d' in []">tests/test_task_dependencies.py:247: in test_update_dependencies_via_endpoint
    assert task_a_id in task["blocked_by"], "Task B should be blocked by Task A"
E   AssertionError: Task B should be blocked by Task A
E   assert 'task_4bb1b515e71d' in []</failure></testcase><testcase classname="tests.test_task_dependencies.TestDependenciesEndpoint" name="test_dependencies_endpoint_validates_task_exists" time="0.010"><failure message="AssertionError: Should return 400 for non-existent task reference&#10;assert 200 == 400&#10; +  where 200 = &lt;Response [200]&gt;.status_code">tests/test_task_dependencies.py:259: in test_dependencies_endpoint_validates_task_exists
    assert response.status_code == 400, "Should return 400 for non-existent task reference"
E   AssertionError: Should return 400 for non-existent task reference
E   assert 200 == 400
E    +  where 200 = &lt;Response [200]&gt;.status_code</failure></testcase><testcase classname="tests.test_task_dependencies.TestDependenciesEndpoint" name="test_dependencies_endpoint_not_found" time="0.009" /><testcase classname="tests.test_task_dependencies.TestBlockedIndicatorLogic" name="test_task_blocked_when_blocker_not_done" time="0.123" /><testcase classname="tests.test_task_dependencies.TestBlockedIndicatorLogic" name="test_task_unblocked_when_blocker_done" time="0.128" /><testcase classname="tests.test_task_dependencies.TestMultipleDependencies" name="test_task_blocked_by_multiple_tasks" time="0.009" /><testcase classname="tests.test_task_dependencies.TestMultipleDependencies" name="test_task_blocks_multiple_tasks" time="0.011" /><testcase classname="tests.test_task_dependencies.TestGetTasksWithDependencies" name="test_get_tasks_includes_dependencies" time="0.012" /></testsuite></testsuites>