<?xml version="1.0" encoding="utf-8"?><testsuites name="pytest tests"><testsuite name="pytest" errors="0" failures="0" skipped="0" tests="16" time="3.540" timestamp="2026-01-24T00:12:02.179720+00:00" hostname="agent-env-74f04a6f-0520-46bb-8d7c-a14462241b59"><testcase classname="tests.test_mentions_and_repos" name="test_health_check" time="0.061" /><testcase classname="tests.test_mentions_and_repos" name="test_get_projects_list" time="0.302" /><testcase classname="tests.test_mentions_and_repos" name="test_get_project_by_id" time="0.012" /><testcase classname="tests.test_mentions_and_repos" name="test_get_project_members" time="0.050" /><testcase classname="tests.test_mentions_and_repos" name="test_get_tasks_by_project" time="0.012" /><testcase classname="tests.test_mentions_and_repos" name="test_task_crud_operations" time="0.160" /><testcase classname="tests.test_mentions_and_repos" name="test_get_customers_list" time="0.062" /><testcase classname="tests.test_mentions_and_repos" name="test_customer_crud_operations" time="0.085" /><testcase classname="tests.test_mentions_and_repos" name="test_create_comment_without_mention" time="0.103" /><testcase classname="tests.test_mentions_and_repos" name="test_create_comment_with_mention_in_content" time="0.059" /><testcase classname="tests.test_mentions_and_repos" name="test_create_comment_with_explicit_mentions_array" time="0.102" /><testcase classname="tests.test_mentions_and_repos" name="test_get_comments_for_task" time="0.010" /><testcase classname="tests.test_mentions_and_repos" name="test_notification_created_for_mention" time="0.820" /><testcase classname="tests.test_mentions_and_repos" name="test_bulk_update_status" time="0.108" /><testcase classname="tests.test_mentions_and_repos" name="test_bulk_update_priority" time="0.172" /><testcase classname="tests.test_mentions_and_repos" name="test_cleanup_test_tasks" time="1.370" /></testsuite></testsuites>