<?xml version="1.0" encoding="utf-8"?><testsuites name="pytest tests"><testsuite name="pytest" errors="0" failures="0" skipped="0" tests="27" time="1.175" timestamp="2026-01-26T00:05:44.851544+00:00" hostname="agent-env-09174d83-a108-4b6e-8801-4c0c94802d35"><testcase classname="backend.tests.test_org_workflows.TestOrgWorkflowCRUD" name="test_01_list_org_workflows_initial" time="0.323" /><testcase classname="backend.tests.test_org_workflows.TestOrgWorkflowCRUD" name="test_02_create_or_use_global_workflow" time="0.000" /><testcase classname="backend.tests.test_org_workflows.TestOrgWorkflowCRUD" name="test_03_prevent_duplicate_global_workflow" time="0.012" /><testcase classname="backend.tests.test_org_workflows.TestOrgWorkflowCRUD" name="test_04_create_selective_workflow" time="0.010" /><testcase classname="backend.tests.test_org_workflows.TestOrgWorkflowCRUD" name="test_05_get_workflow_by_id" time="0.051" /><testcase classname="backend.tests.test_org_workflows.TestOrgWorkflowCRUD" name="test_06_update_workflow" time="0.016" /><testcase classname="backend.tests.test_org_workflows.TestWorkflowRules" name="test_07_create_rule_todo_to_done" time="0.022" /><testcase classname="backend.tests.test_org_workflows.TestWorkflowRules" name="test_08_prevent_duplicate_rule" time="0.051" /><testcase classname="backend.tests.test_org_workflows.TestWorkflowRules" name="test_09_get_workflow_rules" time="0.014" /><testcase classname="backend.tests.test_org_workflows.TestWorkflowRules" name="test_10_update_rule" time="0.053" /><testcase classname="backend.tests.test_org_workflows.TestProjectAssignment" name="test_11_assign_projects_to_selective_workflow" time="0.012" /><testcase classname="backend.tests.test_org_workflows.TestProjectAssignment" name="test_12_get_workflow_projects" time="0.051" /><testcase classname="backend.tests.test_org_workflows.TestProjectAssignment" name="test_13_cannot_assign_to_global_workflow" time="0.010" /><testcase classname="backend.tests.test_org_workflows.TestWorkflowResolution" name="test_14_get_applicable_workflows_for_project" time="0.014" /><testcase classname="backend.tests.test_org_workflows.TestApprovalFlow" name="test_15_create_test_task" time="0.011" /><testcase classname="backend.tests.test_org_workflows.TestApprovalFlow" name="test_16_check_approval_required" time="0.011" /><testcase classname="backend.tests.test_org_workflows.TestApprovalFlow" name="test_17_request_approval" time="0.018" /><testcase classname="backend.tests.test_org_workflows.TestApprovalFlow" name="test_18_verify_task_locked" time="0.011" /><testcase classname="backend.tests.test_org_workflows.TestApprovalFlow" name="test_19_get_task_approval_summary" time="0.052" /><testcase classname="backend.tests.test_org_workflows.TestApprovalFlow" name="test_20_get_pending_approvals" time="0.013" /><testcase classname="backend.tests.test_org_workflows.TestApprovalFlow" name="test_21_approve_request" time="0.013" /><testcase classname="backend.tests.test_org_workflows.TestApprovalFlow" name="test_22_verify_task_status_changed" time="0.035" /><testcase classname="backend.tests.test_org_workflows.TestRejectFlow" name="test_23_create_task_for_rejection" time="0.011" /><testcase classname="backend.tests.test_org_workflows.TestRejectFlow" name="test_24_request_approval_for_rejection" time="0.056" /><testcase classname="backend.tests.test_org_workflows.TestRejectFlow" name="test_25_reject_request" time="0.057" /><testcase classname="backend.tests.test_org_workflows.TestRejectFlow" name="test_26_verify_task_unchanged_after_rejection" time="0.015" /><testcase classname="backend.tests.test_org_workflows.TestCleanup" name="test_99_cleanup" time="0.206" /></testsuite></testsuites>