<?xml version="1.0" encoding="utf-8"?><testsuites name="pytest tests"><testsuite name="pytest" errors="0" failures="0" skipped="0" tests="22" time="6.275" timestamp="2026-01-25T23:17:59.787682+00:00" hostname="agent-env-bd3492cc-2859-41e2-b408-700a498238c6"><testcase classname="backend.tests.test_workflow_approvals.TestWorkflowApprovals" name="test_01_login_success" time="0.329" /><testcase classname="backend.tests.test_workflow_approvals.TestWorkflowApprovals" name="test_02_get_project_workflows" time="0.278" /><testcase classname="backend.tests.test_workflow_approvals.TestWorkflowApprovals" name="test_03_create_workflow" time="0.274" /><testcase classname="backend.tests.test_workflow_approvals.TestWorkflowApprovals" name="test_04_get_workflow_by_id" time="0.274" /><testcase classname="backend.tests.test_workflow_approvals.TestWorkflowApprovals" name="test_05_create_workflow_rule" time="0.269" /><testcase classname="backend.tests.test_workflow_approvals.TestWorkflowApprovals" name="test_06_get_workflow_rules" time="0.261" /><testcase classname="backend.tests.test_workflow_approvals.TestWorkflowApprovals" name="test_07_create_test_task" time="0.274" /><testcase classname="backend.tests.test_workflow_approvals.TestWorkflowApprovals" name="test_08_check_approval_required" time="0.267" /><testcase classname="backend.tests.test_workflow_approvals.TestWorkflowApprovals" name="test_09_check_approval_not_required" time="0.267" /><testcase classname="backend.tests.test_workflow_approvals.TestWorkflowApprovals" name="test_10_request_approval" time="0.279" /><testcase classname="backend.tests.test_workflow_approvals.TestWorkflowApprovals" name="test_11_verify_task_locked" time="0.313" /><testcase classname="backend.tests.test_workflow_approvals.TestWorkflowApprovals" name="test_12_task_update_blocked_when_locked" time="0.267" /><testcase classname="backend.tests.test_workflow_approvals.TestWorkflowApprovals" name="test_13_get_task_approval_summary" time="0.310" /><testcase classname="backend.tests.test_workflow_approvals.TestWorkflowApprovals" name="test_14_get_pending_approvals" time="0.308" /><testcase classname="backend.tests.test_workflow_approvals.TestWorkflowApprovals" name="test_15_approve_request" time="0.270" /><testcase classname="backend.tests.test_workflow_approvals.TestWorkflowApprovals" name="test_16_verify_task_status_changed" time="0.262" /><testcase classname="backend.tests.test_workflow_approvals.TestWorkflowApprovals" name="test_17_create_task_for_rejection" time="0.267" /><testcase classname="backend.tests.test_workflow_approvals.TestWorkflowApprovals" name="test_18_request_approval_for_rejection" time="0.271" /><testcase classname="backend.tests.test_workflow_approvals.TestWorkflowApprovals" name="test_19_reject_request" time="0.285" /><testcase classname="backend.tests.test_workflow_approvals.TestWorkflowApprovals" name="test_20_verify_task_unchanged_after_rejection" time="0.302" /><testcase classname="backend.tests.test_workflow_approvals.TestWorkflowApprovals" name="test_21_direct_status_change_blocked" time="0.278" /><testcase classname="backend.tests.test_workflow_approvals.TestWorkflowApprovals" name="test_99_cleanup_test_data" time="0.319" /></testsuite></testsuites>