<?xml version="1.0" encoding="utf-8"?><testsuites name="pytest tests"><testsuite name="pytest" errors="0" failures="0" skipped="0" tests="14" time="2.819" timestamp="2026-01-27T10:56:45.919906+00:00" hostname="agent-env-aba14fcc-b470-49f1-9f2e-fab6e1afd050"><testcase classname="backend.tests.test_documents_page.TestDocumentsPageAuth" name="test_login_success" time="0.293" /><testcase classname="backend.tests.test_documents_page.TestDocumentsPageList" name="test_list_documents_for_org" time="0.306" /><testcase classname="backend.tests.test_documents_page.TestDocumentsPageList" name="test_get_document_types" time="0.039" /><testcase classname="backend.tests.test_documents_page.TestDocumentsPageList" name="test_get_document_statuses" time="0.039" /><testcase classname="backend.tests.test_documents_page.TestDocumentDetailDialog" name="test_get_document_details" time="0.302" /><testcase classname="backend.tests.test_documents_page.TestDocumentDetailDialog" name="test_get_document_approval_summary" time="0.044" /><testcase classname="backend.tests.test_documents_page.TestDocumentDetailDialog" name="test_check_approval_required_for_status_change" time="0.083" /><testcase classname="backend.tests.test_documents_page.TestDocumentCRUD" name="test_create_document" time="0.340" /><testcase classname="backend.tests.test_documents_page.TestDocumentCRUD" name="test_update_document" time="0.142" /><testcase classname="backend.tests.test_documents_page.TestDocumentCRUD" name="test_delete_document" time="0.124" /><testcase classname="backend.tests.test_documents_page.TestDocumentStatusChange" name="test_change_document_status_no_approval" time="0.431" /><testcase classname="backend.tests.test_documents_page.TestPendingApprovals" name="test_get_pending_approvals_for_user" time="0.304" /><testcase classname="backend.tests.test_documents_page.TestPendingApprovals" name="test_get_org_approvals" time="0.044" /><testcase classname="backend.tests.test_documents_page.TestEmailNotificationMethods" name="test_email_service_methods_exist" time="0.303" /></testsuite></testsuites>