<?xml version="1.0" encoding="utf-8"?><testsuites name="pytest tests"><testsuite name="pytest" errors="0" failures="5" skipped="0" tests="23" time="2.028" timestamp="2026-01-29T16:20:58.497548+00:00" hostname="agent-env-bd708b80-e8a9-4fc5-8e47-e06fd12daf6a"><testcase classname="backend.tests.test_budget_management.TestBudgetRetrieval" name="test_get_budget_by_project_usd" time="0.351" /><testcase classname="backend.tests.test_budget_management.TestBudgetRetrieval" name="test_get_budget_by_project_egp" time="0.049" /><testcase classname="backend.tests.test_budget_management.TestBudgetRetrieval" name="test_get_budget_by_id" time="0.094" /><testcase classname="backend.tests.test_budget_management.TestBudgetRetrieval" name="test_get_budget_nonexistent_project" time="0.040" /><testcase classname="backend.tests.test_budget_management.TestBudgetSummary" name="test_get_budget_summary" time="0.104" /><testcase classname="backend.tests.test_budget_management.TestBudgetSummary" name="test_budget_summary_egp" time="0.084" /><testcase classname="backend.tests.test_budget_management.TestTransactions" name="test_get_transactions" time="0.129" /><testcase classname="backend.tests.test_budget_management.TestTransactions" name="test_create_manual_transaction" time="0.133" /><testcase classname="backend.tests.test_budget_management.TestTransactions" name="test_create_adjustment_transaction" time="0.079" /><testcase classname="backend.tests.test_budget_management.TestExpenses" name="test_get_project_expenses" time="0.039" /><testcase classname="backend.tests.test_budget_management.TestExpenses" name="test_create_expense" time="0.105"><failure message="assert 520 == 200&#10; +  where 520 = &lt;Response [520]&gt;.status_code">backend/tests/test_budget_management.py:282: in test_create_expense
    assert response.status_code == 200
E   assert 520 == 200
E    +  where 520 = &lt;Response [520]&gt;.status_code</failure></testcase><testcase classname="backend.tests.test_budget_management.TestExpenses" name="test_create_expense_egp" time="0.048"><failure message="assert 520 == 200&#10; +  where 520 = &lt;Response [520]&gt;.status_code">backend/tests/test_budget_management.py:315: in test_create_expense_egp
    assert response.status_code == 200
E   assert 520 == 200
E    +  where 520 = &lt;Response [520]&gt;.status_code</failure></testcase><testcase classname="backend.tests.test_budget_management.TestExpenses" name="test_get_expense_categories" time="0.035" /><testcase classname="backend.tests.test_budget_management.TestExpenses" name="test_expense_validation_invalid_category" time="0.037" /><testcase classname="backend.tests.test_budget_management.TestBudgetUpdate" name="test_update_budget_amount" time="0.099"><failure message="assert 520 == 200&#10; +  where 520 = &lt;Response [520]&gt;.status_code">backend/tests/test_budget_management.py:377: in test_update_budget_amount
    assert response.status_code == 200
E   assert 520 == 200
E    +  where 520 = &lt;Response [520]&gt;.status_code</failure></testcase><testcase classname="backend.tests.test_budget_management.TestBudgetUpdate" name="test_update_warning_threshold" time="0.091"><failure message="assert 520 == 200&#10; +  where 520 = &lt;Response [520]&gt;.status_code">backend/tests/test_budget_management.py:401: in test_update_warning_threshold
    assert response.status_code == 200
E   assert 520 == 200
E    +  where 520 = &lt;Response [520]&gt;.status_code</failure></testcase><testcase classname="backend.tests.test_budget_management.TestBudgetUpdate" name="test_update_hard_limit" time="0.093"><failure message="assert 520 == 200&#10; +  where 520 = &lt;Response [520]&gt;.status_code">backend/tests/test_budget_management.py:426: in test_update_hard_limit
    assert response.status_code == 200
E   assert 520 == 200
E    +  where 520 = &lt;Response [520]&gt;.status_code</failure></testcase><testcase classname="backend.tests.test_budget_management.TestBudgetRevisions" name="test_get_revisions" time="0.087" /><testcase classname="backend.tests.test_budget_management.TestBudgetLock" name="test_check_budget_lock" time="0.044" /><testcase classname="backend.tests.test_budget_management.TestOrgBudgets" name="test_get_org_budgets" time="0.040" /><testcase classname="backend.tests.test_budget_management.TestBillableRates" name="test_get_org_rates" time="0.037" /><testcase classname="backend.tests.test_budget_management.TestBillableRates" name="test_set_billable_rate" time="0.056" /><testcase classname="backend.tests.test_budget_management.TestBillableRates" name="test_get_effective_rate" time="0.040" /></testsuite></testsuites>