<?xml version="1.0" encoding="utf-8"?><testsuites name="pytest tests"><testsuite name="pytest" errors="0" failures="0" skipped="0" tests="16" time="5.079" timestamp="2026-01-21T19:47:22.277626+00:00" hostname="agent-env-c8bf6b02-19c7-41d9-ae90-5ed520a36101"><testcase classname="tests.test_rbac_permissions.TestRBACSetup" name="test_org_admin_permissions" time="0.444" /><testcase classname="tests.test_rbac_permissions.TestRBACSetup" name="test_team_member_permissions" time="0.311" /><testcase classname="tests.test_rbac_permissions.TestTaskRBAC" name="test_team_member_can_view_tasks" time="0.632" /><testcase classname="tests.test_rbac_permissions.TestTaskRBAC" name="test_team_member_can_create_task" time="0.603" /><testcase classname="tests.test_rbac_permissions.TestTaskRBAC" name="test_team_member_cannot_delete_task" time="0.080" /><testcase classname="tests.test_rbac_permissions.TestTaskRBAC" name="test_org_admin_can_delete_task" time="0.041" /><testcase classname="tests.test_rbac_permissions.TestProjectRBAC" name="test_team_member_can_view_projects" time="0.627" /><testcase classname="tests.test_rbac_permissions.TestProjectRBAC" name="test_team_member_cannot_create_project" time="0.037" /><testcase classname="tests.test_rbac_permissions.TestProjectRBAC" name="test_team_member_cannot_delete_project" time="0.119" /><testcase classname="tests.test_rbac_permissions.TestProjectRBAC" name="test_org_admin_can_create_project" time="0.086" /><testcase classname="tests.test_rbac_permissions.TestAutomationRBAC" name="test_team_member_cannot_create_automation" time="0.598" /><testcase classname="tests.test_rbac_permissions.TestAutomationRBAC" name="test_org_admin_can_create_automation" time="0.087" /><testcase classname="tests.test_rbac_permissions.TestCustomerRBAC" name="test_team_member_can_view_customers" time="0.606" /><testcase classname="tests.test_rbac_permissions.TestCustomerRBAC" name="test_team_member_cannot_create_customer" time="0.039" /><testcase classname="tests.test_rbac_permissions.TestCommentRBAC" name="test_team_member_can_create_comment" time="0.691" /><testcase classname="tests.test_rbac_permissions.TestCommentRBAC" name="test_team_member_can_view_comments" time="0.055" /></testsuite></testsuites>