<?xml version="1.0" encoding="utf-8"?><testsuites name="pytest tests"><testsuite name="pytest" errors="0" failures="0" skipped="0" tests="23" time="1.959" timestamp="2026-01-29T16:21:47.611841+00:00" hostname="agent-env-bd708b80-e8a9-4fc5-8e47-e06fd12daf6a"><testcase classname="backend.tests.test_budget_management.TestBudgetRetrieval" name="test_get_budget_by_project_usd" time="0.332" /><testcase classname="backend.tests.test_budget_management.TestBudgetRetrieval" name="test_get_budget_by_project_egp" time="0.041" /><testcase classname="backend.tests.test_budget_management.TestBudgetRetrieval" name="test_get_budget_by_id" time="0.164" /><testcase classname="backend.tests.test_budget_management.TestBudgetRetrieval" name="test_get_budget_nonexistent_project" time="0.038" /><testcase classname="backend.tests.test_budget_management.TestBudgetSummary" name="test_get_budget_summary" time="0.073" /><testcase classname="backend.tests.test_budget_management.TestBudgetSummary" name="test_budget_summary_egp" time="0.084" /><testcase classname="backend.tests.test_budget_management.TestTransactions" name="test_get_transactions" time="0.074" /><testcase classname="backend.tests.test_budget_management.TestTransactions" name="test_create_manual_transaction" time="0.117" /><testcase classname="backend.tests.test_budget_management.TestTransactions" name="test_create_adjustment_transaction" time="0.087" /><testcase classname="backend.tests.test_budget_management.TestExpenses" name="test_get_project_expenses" time="0.039" /><testcase classname="backend.tests.test_budget_management.TestExpenses" name="test_create_expense" time="0.120" /><testcase classname="backend.tests.test_budget_management.TestExpenses" name="test_create_expense_egp" time="0.048" /><testcase classname="backend.tests.test_budget_management.TestExpenses" name="test_get_expense_categories" time="0.035" /><testcase classname="backend.tests.test_budget_management.TestExpenses" name="test_expense_validation_invalid_category" time="0.036" /><testcase classname="backend.tests.test_budget_management.TestBudgetUpdate" name="test_update_budget_amount" time="0.115" /><testcase classname="backend.tests.test_budget_management.TestBudgetUpdate" name="test_update_warning_threshold" time="0.127" /><testcase classname="backend.tests.test_budget_management.TestBudgetUpdate" name="test_update_hard_limit" time="0.120" /><testcase classname="backend.tests.test_budget_management.TestBudgetRevisions" name="test_get_revisions" time="0.075" /><testcase classname="backend.tests.test_budget_management.TestBudgetLock" name="test_check_budget_lock" time="0.043" /><testcase classname="backend.tests.test_budget_management.TestOrgBudgets" name="test_get_org_budgets" time="0.036" /><testcase classname="backend.tests.test_budget_management.TestBillableRates" name="test_get_org_rates" time="0.041" /><testcase classname="backend.tests.test_budget_management.TestBillableRates" name="test_set_billable_rate" time="0.039" /><testcase classname="backend.tests.test_budget_management.TestBillableRates" name="test_get_effective_rate" time="0.043" /></testsuite></testsuites>