<?xml version="1.0" encoding="utf-8"?><testsuites name="pytest tests"><testsuite name="pytest" errors="0" failures="0" skipped="0" tests="15" time="4.726" timestamp="2026-01-23T22:31:52.048119+00:00" hostname="agent-env-1c146b9b-bcbc-4edf-b1b3-c12cbd4f6664"><testcase classname="backend.tests.test_architecture_refactor.TestHealthEndpoint" name="test_health_endpoint_returns_200" time="0.074" /><testcase classname="backend.tests.test_architecture_refactor.TestAuthentication" name="test_login_with_valid_credentials" time="0.285" /><testcase classname="backend.tests.test_architecture_refactor.TestAuthentication" name="test_login_with_invalid_credentials" time="0.039" /><testcase classname="backend.tests.test_architecture_refactor.TestAuthentication" name="test_get_me_with_token" time="0.303" /><testcase classname="backend.tests.test_architecture_refactor.TestProjectsAPI" name="test_get_projects" time="0.374" /><testcase classname="backend.tests.test_architecture_refactor.TestProjectsAPI" name="test_get_single_project" time="0.407" /><testcase classname="backend.tests.test_architecture_refactor.TestTasksAPI" name="test_get_tasks_for_project" time="0.401" /><testcase classname="backend.tests.test_architecture_refactor.TestTasksAPI" name="test_get_single_task" time="0.454" /><testcase classname="backend.tests.test_architecture_refactor.TestOrganizationsAPI" name="test_get_organizations" time="0.300" /><testcase classname="backend.tests.test_architecture_refactor.TestRepositoryPattern" name="test_project_repository_via_api" time="0.334" /><testcase classname="backend.tests.test_architecture_refactor.TestRepositoryPattern" name="test_task_repository_via_api" time="0.375" /><testcase classname="backend.tests.test_architecture_refactor.TestSettingsEndpoints" name="test_get_organization_details" time="0.333" /><testcase classname="backend.tests.test_architecture_refactor.TestSettingsEndpoints" name="test_get_organization_members" time="0.337" /><testcase classname="backend.tests.test_architecture_refactor.TestSettingsEndpoints" name="test_get_roles" time="0.297" /><testcase classname="backend.tests.test_architecture_refactor.TestSettingsEndpoints" name="test_get_branding" time="0.365" /></testsuite></testsuites>