<?xml version="1.0" encoding="utf-8"?><testsuites name="pytest tests"><testsuite name="pytest" errors="0" failures="0" skipped="0" tests="18" time="3.020" timestamp="2026-01-27T11:40:20.965963+00:00" hostname="agent-env-aba14fcc-b470-49f1-9f2e-fab6e1afd050"><testcase classname="backend.tests.test_document_features_v2.TestAuth" name="test_login_success" time="0.337" /><testcase classname="backend.tests.test_document_features_v2.TestDocumentAttachments" name="test_list_document_attachments_empty" time="0.362" /><testcase classname="backend.tests.test_document_features_v2.TestDocumentAttachments" name="test_add_document_attachment_metadata" time="0.069" /><testcase classname="backend.tests.test_document_features_v2.TestDocumentAttachments" name="test_upload_document_file" time="0.049" /><testcase classname="backend.tests.test_document_features_v2.TestDocumentAttachments" name="test_list_document_attachments_with_data" time="0.087" /><testcase classname="backend.tests.test_document_features_v2.TestDocumentAttachments" name="test_delete_document_attachment" time="0.139" /><testcase classname="backend.tests.test_document_features_v2.TestDocumentVersionHistory" name="test_list_document_versions_empty" time="0.357" /><testcase classname="backend.tests.test_document_features_v2.TestDocumentVersionHistory" name="test_create_document_version" time="0.068" /><testcase classname="backend.tests.test_document_features_v2.TestDocumentVersionHistory" name="test_create_multiple_versions" time="0.126" /><testcase classname="backend.tests.test_document_features_v2.TestDocumentVersionHistory" name="test_list_document_versions_with_data" time="0.040" /><testcase classname="backend.tests.test_document_features_v2.TestDocumentVersionHistory" name="test_get_specific_version" time="0.134" /><testcase classname="backend.tests.test_document_features_v2.TestOrgDocumentApprovals" name="test_get_org_approvals_all" time="0.332" /><testcase classname="backend.tests.test_document_features_v2.TestOrgDocumentApprovals" name="test_get_org_approvals_pending_only" time="0.040" /><testcase classname="backend.tests.test_document_features_v2.TestOrgDocumentApprovals" name="test_get_org_approvals_with_limit" time="0.041" /><testcase classname="backend.tests.test_document_features_v2.TestDashboardPendingApprovalsWidget" name="test_pending_approvals_for_dashboard" time="0.303" /><testcase classname="backend.tests.test_document_features_v2.TestDashboardPendingApprovalsWidget" name="test_pending_approvals_for_user" time="0.040" /><testcase classname="backend.tests.test_document_features_v2.TestExistingDocuments" name="test_get_existing_document_attachments" time="0.344" /><testcase classname="backend.tests.test_document_features_v2.TestExistingDocuments" name="test_get_existing_document_versions" time="0.084" /></testsuite></testsuites>