<?xml version="1.0" encoding="utf-8"?><testsuites name="pytest tests"><testsuite name="pytest" errors="0" failures="0" skipped="0" tests="19" time="4.873" timestamp="2026-01-27T17:49:48.171502+00:00" hostname="agent-env-f6c650fb-1584-4efe-9885-5f689b5af24d"><testcase classname="tests.test_notifications.TestNotificationAPIs" name="test_get_notification_preferences" time="0.319" /><testcase classname="tests.test_notifications.TestNotificationAPIs" name="test_update_notification_preferences" time="0.362" /><testcase classname="tests.test_notifications.TestNotificationAPIs" name="test_get_notification_types" time="0.282" /><testcase classname="tests.test_notifications.TestNotificationAPIs" name="test_get_notifications_paginated" time="0.279" /><testcase classname="tests.test_notifications.TestNotificationAPIs" name="test_get_notifications_paginated_unread_only" time="0.274" /><testcase classname="tests.test_notifications.TestNotificationAPIs" name="test_get_notifications_paginated_by_type" time="0.319" /><testcase classname="tests.test_notifications.TestNotificationAPIs" name="test_get_unread_count" time="0.277" /><testcase classname="tests.test_notifications.TestNotificationAPIs" name="test_mark_notification_read" time="0.293" /><testcase classname="tests.test_notifications.TestNotificationAPIs" name="test_mark_notification_read_not_found" time="0.273" /><testcase classname="tests.test_notifications.TestNotificationAPIs" name="test_mark_all_notifications_read" time="0.281" /><testcase classname="tests.test_notifications.TestNotificationAPIs" name="test_delete_notification" time="0.348" /><testcase classname="tests.test_notifications.TestNotificationAPIs" name="test_delete_notification_not_found" time="0.275" /><testcase classname="tests.test_notifications.TestNotificationAPIs" name="test_get_notifications_list" time="0.289" /><testcase classname="tests.test_notifications.TestNotificationAPIs" name="test_get_notifications_list_with_limit" time="0.272" /><testcase classname="tests.test_notifications.TestNotificationPreferencesAsTeamMember" name="test_team_member_can_get_preferences" time="0.276" /><testcase classname="tests.test_notifications.TestNotificationPreferencesAsTeamMember" name="test_team_member_can_update_preferences" time="0.273" /><testcase classname="tests.test_notifications.TestNotificationAuthRequired" name="test_preferences_requires_auth" time="0.040" /><testcase classname="tests.test_notifications.TestNotificationAuthRequired" name="test_notifications_requires_auth" time="0.039" /><testcase classname="tests.test_notifications.TestNotificationAuthRequired" name="test_types_requires_auth" time="0.043" /></testsuite></testsuites>