<?xml version="1.0" encoding="utf-8"?><testsuites name="pytest tests"><testsuite name="pytest" errors="0" failures="0" skipped="2" tests="17" time="5.232" timestamp="2026-01-23T23:24:18.616894+00:00" hostname="agent-env-1c146b9b-bcbc-4edf-b1b3-c12cbd4f6664"><testcase classname="backend.tests.test_bulk_operations.TestAuth" name="test_login_success" time="0.317" /><testcase classname="backend.tests.test_bulk_operations.TestTaskCRUD" name="test_get_tasks" time="0.352" /><testcase classname="backend.tests.test_bulk_operations.TestTaskCRUD" name="test_create_task" time="0.043" /><testcase classname="backend.tests.test_bulk_operations.TestTaskCRUD" name="test_update_task_title" time="0.157" /><testcase classname="backend.tests.test_bulk_operations.TestTaskCRUD" name="test_delete_task" time="0.114" /><testcase classname="backend.tests.test_bulk_operations.TestBulkOperations" name="test_bulk_update_status" time="0.613" /><testcase classname="backend.tests.test_bulk_operations.TestBulkOperations" name="test_bulk_update_priority" time="0.202" /><testcase classname="backend.tests.test_bulk_operations.TestBulkOperations" name="test_bulk_update_empty_tasks" time="0.034" /><testcase classname="backend.tests.test_bulk_operations.TestBulkOperations" name="test_bulk_update_invalid_field" time="0.149" /><testcase classname="backend.tests.test_bulk_operations.TestBulkOperations" name="test_bulk_assign" time="0.332" /><testcase classname="backend.tests.test_bulk_operations.TestBulkOperations" name="test_bulk_assign_empty_tasks" time="0.035" /><testcase classname="backend.tests.test_bulk_operations.TestBulkOperations" name="test_bulk_delete" time="2.304" /><testcase classname="backend.tests.test_bulk_operations.TestBulkOperations" name="test_bulk_delete_empty_tasks" time="0.046" /><testcase classname="backend.tests.test_bulk_operations.TestBulkOperations" name="test_bulk_operations_require_auth" time="0.140" /><testcase classname="backend.tests.test_bulk_operations.TestCustomerCRUD" name="test_get_customers" time="0.340"><skipped type="pytest.skip" message="No org_id available">/app/backend/tests/test_bulk_operations.py:529: No org_id available</skipped></testcase><testcase classname="backend.tests.test_bulk_operations.TestCustomerCRUD" name="test_create_and_delete_customer" time="0.000"><skipped type="pytest.skip" message="No org_id available">/app/backend/tests/test_bulk_operations.py:543: No org_id available</skipped></testcase><testcase classname="backend.tests.test_bulk_operations.TestHealthCheck" name="test_health_endpoint" time="0.032" /></testsuite></testsuites>