<?xml version="1.0" encoding="utf-8"?><testsuites name="pytest tests"><testsuite name="pytest" errors="0" failures="0" skipped="0" tests="18" time="2.952" timestamp="2026-01-26T00:33:12.285119+00:00" hostname="agent-env-09174d83-a108-4b6e-8801-4c0c94802d35"><testcase classname="backend.tests.test_refactored_features.TestAuthentication" name="test_admin_login" time="0.296" /><testcase classname="backend.tests.test_refactored_features.TestAuthentication" name="test_non_admin_login" time="0.319" /><testcase classname="backend.tests.test_refactored_features.TestNotificationAPI" name="test_get_notifications" time="0.326" /><testcase classname="backend.tests.test_refactored_features.TestNotificationAPI" name="test_get_unread_count" time="0.040" /><testcase classname="backend.tests.test_refactored_features.TestNotificationAPI" name="test_get_unread_only_notifications" time="0.045" /><testcase classname="backend.tests.test_refactored_features.TestNotificationAPI" name="test_mark_all_as_read" time="0.083" /><testcase classname="backend.tests.test_refactored_features.TestProjectsAPI" name="test_get_projects" time="0.043" /><testcase classname="backend.tests.test_refactored_features.TestProjectsAPI" name="test_get_project_detail" time="0.086" /><testcase classname="backend.tests.test_refactored_features.TestProjectsAPI" name="test_get_project_members" time="0.083" /><testcase classname="backend.tests.test_refactored_features.TestTasksAPI" name="test_get_tasks" time="0.081" /><testcase classname="backend.tests.test_refactored_features.TestTasksAPI" name="test_create_task" time="0.038" /><testcase classname="backend.tests.test_refactored_features.TestTasksAPI" name="test_update_task_status" time="0.142" /><testcase classname="backend.tests.test_refactored_features.TestTasksAPI" name="test_delete_task" time="0.151" /><testcase classname="backend.tests.test_refactored_features.TestProjectSettings" name="test_get_project_settings" time="0.083" /><testcase classname="backend.tests.test_refactored_features.TestProjectSettings" name="test_update_project_statuses" time="0.040" /><testcase classname="backend.tests.test_refactored_features.TestEmailServiceMethods" name="test_email_service_import" time="0.291" /><testcase classname="backend.tests.test_refactored_features.TestApprovalWorkflowIntegration" name="test_approval_service_has_email_integration" time="0.011" /><testcase classname="backend.tests.test_refactored_features.TestCleanup" name="test_cleanup_test_tasks" time="0.763" /></testsuite></testsuites>