<?xml version="1.0" encoding="utf-8"?><testsuites name="pytest tests"><testsuite name="pytest" errors="0" failures="0" skipped="0" tests="20" time="3.346" timestamp="2026-01-27T10:32:16.174331+00:00" hostname="agent-env-aba14fcc-b470-49f1-9f2e-fab6e1afd050"><testcase classname="tests.test_document_workflows.TestDocumentWorkflowAuth" name="test_login_super_admin" time="0.297" /><testcase classname="tests.test_document_workflows.TestDocumentWorkflowCRUD" name="test_list_document_workflows" time="0.310" /><testcase classname="tests.test_document_workflows.TestDocumentWorkflowCRUD" name="test_create_document_workflow" time="0.089" /><testcase classname="tests.test_document_workflows.TestDocumentWorkflowCRUD" name="test_get_document_workflow_by_id" time="0.125" /><testcase classname="tests.test_document_workflows.TestDocumentWorkflowCRUD" name="test_update_document_workflow" time="0.123" /><testcase classname="tests.test_document_workflows.TestDocumentWorkflowCRUD" name="test_delete_document_workflow" time="0.132" /><testcase classname="tests.test_document_workflows.TestDocumentWorkflowRules" name="test_create_workflow_rule" time="0.355" /><testcase classname="tests.test_document_workflows.TestDocumentWorkflowRules" name="test_list_workflow_rules" time="0.042" /><testcase classname="tests.test_document_workflows.TestDocumentWorkflowRules" name="test_duplicate_rule_prevention" time="0.131" /><testcase classname="tests.test_document_workflows.TestDocumentStatusChange" name="test_check_approval_required" time="0.352" /><testcase classname="tests.test_document_workflows.TestDocumentStatusChange" name="test_get_document_approval_summary" time="0.087" /><testcase classname="tests.test_document_workflows.TestDocumentCRUD" name="test_list_documents" time="0.302" /><testcase classname="tests.test_document_workflows.TestDocumentCRUD" name="test_get_document_types" time="0.038" /><testcase classname="tests.test_document_workflows.TestDocumentCRUD" name="test_get_document_statuses" time="0.037" /><testcase classname="tests.test_document_workflows.TestDocumentCRUD" name="test_create_document" time="0.084" /><testcase classname="tests.test_document_workflows.TestDocumentCRUD" name="test_get_document_by_id" time="0.080" /><testcase classname="tests.test_document_workflows.TestPendingApprovals" name="test_get_pending_approvals" time="0.307" /><testcase classname="tests.test_document_workflows.TestPendingApprovals" name="test_get_org_approvals" time="0.042" /><testcase classname="tests.test_document_workflows.TestWorkflowScopes" name="test_selective_workflow_with_document_types" time="0.344" /><testcase classname="tests.test_document_workflows.TestWorkflowScopes" name="test_global_workflow_uniqueness" time="0.040" /></testsuite></testsuites>