<?xml version="1.0" encoding="utf-8"?><testsuites name="pytest tests"><testsuite name="pytest" errors="0" failures="0" skipped="0" tests="16" time="1.145" timestamp="2026-01-23T23:07:56.664374+00:00" hostname="agent-env-1c146b9b-bcbc-4edf-b1b3-c12cbd4f6664"><testcase classname="tests.test_ssl_api.TestSSLStatusAPI" name="test_ssl_status_returns_200" time="0.390" /><testcase classname="tests.test_ssl_api.TestSSLStatusAPI" name="test_ssl_status_no_domain_configured" time="0.076" /><testcase classname="tests.test_ssl_api.TestSSLStatusAPI" name="test_ssl_status_requires_auth" time="0.036" /><testcase classname="tests.test_ssl_api.TestSSLStatusAPI" name="test_ssl_status_invalid_org" time="0.038" /><testcase classname="tests.test_ssl_api.TestSSLRequestAPI" name="test_ssl_request_requires_domain" time="0.043" /><testcase classname="tests.test_ssl_api.TestSSLRequestAPI" name="test_ssl_request_requires_auth" time="0.036" /><testcase classname="tests.test_ssl_api.TestSSLRenewalAPI" name="test_ssl_renew_requires_domain" time="0.040" /><testcase classname="tests.test_ssl_api.TestSSLRenewalAPI" name="test_ssl_renew_requires_auth" time="0.036" /><testcase classname="tests.test_ssl_api.TestSSLNginxConfigAPI" name="test_nginx_config_requires_domain" time="0.040" /><testcase classname="tests.test_ssl_api.TestSSLNginxConfigAPI" name="test_nginx_config_requires_auth" time="0.079" /><testcase classname="tests.test_ssl_api.TestExistingFunctionality" name="test_dashboard_stats" time="0.037" /><testcase classname="tests.test_ssl_api.TestExistingFunctionality" name="test_projects_list" time="0.037" /><testcase classname="tests.test_ssl_api.TestExistingFunctionality" name="test_customers_list" time="0.040" /><testcase classname="tests.test_ssl_api.TestExistingFunctionality" name="test_customer_crud_create" time="0.077" /><testcase classname="tests.test_ssl_api.TestHealthEndpoints" name="test_health_check" time="0.034" /><testcase classname="tests.test_ssl_api.TestHealthEndpoints" name="test_root_health_check" time="0.075" /></testsuite></testsuites>