<?xml version="1.0" encoding="utf-8"?><testsuites name="pytest tests"><testsuite name="pytest" errors="0" failures="0" skipped="0" tests="7" time="2.996" timestamp="2026-01-23T22:52:59.708781+00:00" hostname="agent-env-1c146b9b-bcbc-4edf-b1b3-c12cbd4f6664"><testcase classname="backend.tests.test_customer_crud.TestCustomerCRUD" name="test_create_customer_no_mongodb_id_leak" time="0.396" /><testcase classname="backend.tests.test_customer_crud.TestCustomerCRUD" name="test_create_customer_with_phone_field" time="0.373" /><testcase classname="backend.tests.test_customer_crud.TestCustomerCRUD" name="test_update_customer_phone_field" time="0.457" /><testcase classname="backend.tests.test_customer_crud.TestCustomerCRUD" name="test_get_customers_list_with_phone" time="0.344" /><testcase classname="backend.tests.test_customer_crud.TestCustomerCRUD" name="test_get_single_customer_with_phone" time="0.445" /><testcase classname="backend.tests.test_customer_crud.TestCustomerCRUD" name="test_delete_customer" time="0.410" /><testcase classname="backend.tests.test_customer_crud.TestCustomerCRUD" name="test_full_crud_cycle_with_phone" time="0.554" /></testsuite></testsuites>