<?xml version="1.0" encoding="utf-8"?><testsuites name="pytest tests"><testsuite name="pytest" errors="0" failures="0" skipped="0" tests="30" time="9.981" timestamp="2026-01-21T17:48:59.393129+00:00" hostname="agent-env-c16afb61-274d-4b29-8e96-ff36d60eec34"><testcase classname="tests.test_proflow_backend.TestHealthCheck" name="test_health_endpoint" time="0.104" /><testcase classname="tests.test_proflow_backend.TestAuthentication" name="test_login_success" time="0.273" /><testcase classname="tests.test_proflow_backend.TestAuthentication" name="test_login_invalid_credentials" time="0.042" /><testcase classname="tests.test_proflow_backend.TestAuthentication" name="test_get_me_authenticated" time="0.301" /><testcase classname="tests.test_proflow_backend.TestAuthentication" name="test_get_me_unauthenticated" time="0.041" /><testcase classname="tests.test_proflow_backend.TestDashboard" name="test_get_dashboard" time="0.322" /><testcase classname="tests.test_proflow_backend.TestDashboard" name="test_get_my_tasks" time="0.302" /><testcase classname="tests.test_proflow_backend.TestDashboard" name="test_get_quick_stats" time="0.297" /><testcase classname="tests.test_proflow_backend.TestOrganizations" name="test_get_organizations" time="0.300" /><testcase classname="tests.test_proflow_backend.TestOrganizations" name="test_get_organization_by_id" time="0.338" /><testcase classname="tests.test_proflow_backend.TestOrganizations" name="test_get_organization_members" time="0.337" /><testcase classname="tests.test_proflow_backend.TestProjects" name="test_get_projects" time="0.384" /><testcase classname="tests.test_proflow_backend.TestProjects" name="test_create_project_limit_reached" time="0.338" /><testcase classname="tests.test_proflow_backend.TestProjects" name="test_get_project_by_id" time="0.379" /><testcase classname="tests.test_proflow_backend.TestTasks" name="test_get_tasks" time="0.378" /><testcase classname="tests.test_proflow_backend.TestTasks" name="test_get_tasks_by_project" time="0.384" /><testcase classname="tests.test_proflow_backend.TestTasks" name="test_create_task" time="0.371" /><testcase classname="tests.test_proflow_backend.TestTasks" name="test_get_task_by_id" time="0.445" /><testcase classname="tests.test_proflow_backend.TestSearch" name="test_global_search" time="0.301" /><testcase classname="tests.test_proflow_backend.TestSearch" name="test_search_by_type" time="0.298" /><testcase classname="tests.test_proflow_backend.TestSearch" name="test_search_minimum_query_length" time="0.338" /><testcase classname="tests.test_proflow_backend.TestTimeEntries" name="test_get_time_entries" time="0.418" /><testcase classname="tests.test_proflow_backend.TestTimeEntries" name="test_create_time_entry" time="0.458" /><testcase classname="tests.test_proflow_backend.TestTimeEntries" name="test_get_active_timer" time="0.412" /><testcase classname="tests.test_proflow_backend.TestTimeEntries" name="test_time_summary" time="0.416" /><testcase classname="tests.test_proflow_backend.TestComments" name="test_get_comments_by_task" time="0.427" /><testcase classname="tests.test_proflow_backend.TestComments" name="test_create_comment" time="0.421" /><testcase classname="tests.test_proflow_backend.TestComments" name="test_get_comments_requires_task_or_project" time="0.418" /><testcase classname="tests.test_proflow_backend.TestSubscriptions" name="test_get_subscription_plans" time="0.039" /><testcase classname="tests.test_proflow_backend.TestIntegration" name="test_full_task_workflow" time="0.663" /></testsuite></testsuites>