<?xml version="1.0" encoding="utf-8"?><testsuites name="pytest tests"><testsuite name="pytest" errors="0" failures="1" skipped="1" tests="9" time="2.896" timestamp="2026-01-24T14:51:49.691449+00:00" hostname="agent-env-74f04a6f-0520-46bb-8d7c-a14462241b59"><testcase classname="backend.tests.test_cors_fix.TestCORSFix" name="test_health_endpoint" time="0.336" /><testcase classname="backend.tests.test_cors_fix.TestCORSFix" name="test_login_works" time="0.534" /><testcase classname="backend.tests.test_cors_fix.TestCORSFix" name="test_customers_list" time="0.275"><failure message="assert 403 == 200&#10; +  where 403 = &lt;Response [403]&gt;.status_code">backend/tests/test_cors_fix.py:59: in test_customers_list
    assert response.status_code == 200
E   assert 403 == 200
E    +  where 403 = &lt;Response [403]&gt;.status_code</failure></testcase><testcase classname="backend.tests.test_cors_fix.TestCORSFix" name="test_projects_list" time="0.268" /><testcase classname="backend.tests.test_cors_fix.TestCORSFix" name="test_dashboard_endpoint" time="0.320" /><testcase classname="backend.tests.test_cors_fix.TestCORSFix" name="test_organizations_list" time="0.312" /><testcase classname="backend.tests.test_cors_fix.TestCORSFix" name="test_notifications_endpoint" time="0.274" /><testcase classname="backend.tests.test_cors_fix.TestCORSFix" name="test_auth_me_endpoint" time="0.270" /><testcase classname="backend.tests.test_cors_fix.TestCORSFix" name="test_auth_permissions_endpoint" time="0.265"><skipped type="pytest.skip" message="No org_id available">/app/backend/tests/test_cors_fix.py:107: No org_id available</skipped></testcase></testsuite></testsuites>