<?xml version="1.0" encoding="utf-8"?><testsuites name="pytest tests"><testsuite name="pytest" errors="0" failures="0" skipped="0" tests="10" time="3.075" timestamp="2026-01-26T14:58:30.758316+00:00" hostname="agent-env-01b2562f-a0ef-4ea9-abe0-71d5a32c1183"><testcase classname="backend.tests.test_role_management.TestRoleManagement" name="test_01_login_as_super_admin" time="0.283" /><testcase classname="backend.tests.test_role_management.TestRoleManagement" name="test_02_get_my_permissions" time="0.278" /><testcase classname="backend.tests.test_role_management.TestRoleManagement" name="test_03_get_organization_members" time="0.274" /><testcase classname="backend.tests.test_role_management.TestRoleManagement" name="test_04_get_roles_for_org" time="0.322" /><testcase classname="backend.tests.test_role_management.TestRoleManagement" name="test_05_change_member_role" time="0.330" /><testcase classname="backend.tests.test_role_management.TestRoleManagement" name="test_06_create_custom_role" time="0.326" /><testcase classname="backend.tests.test_role_management.TestRoleManagement" name="test_07_get_all_permissions" time="0.270" /><testcase classname="backend.tests.test_role_management.TestWorkflowRules" name="test_01_get_org_workflows" time="0.279" /><testcase classname="backend.tests.test_role_management.TestWorkflowRules" name="test_02_create_workflow_with_description" time="0.357" /><testcase classname="backend.tests.test_role_management.TestWorkflowRules" name="test_03_verify_existing_workflow_rules_have_description" time="0.337" /></testsuite></testsuites>