<?xml version="1.0" encoding="utf-8"?><testsuites name="pytest tests"><testsuite name="pytest" errors="0" failures="0" skipped="0" tests="11" time="2.362" timestamp="2026-01-22T12:44:41.067776+00:00" hostname="agent-env-61f55089-4c6d-4acc-acfb-8d60b0372e3d"><testcase classname="tests.test_bug_fixes.TestAuth" name="test_login_success" time="0.282" /><testcase classname="tests.test_bug_fixes.TestChecklistBugFix" name="test_add_checklist_item" time="0.418" /><testcase classname="tests.test_bug_fixes.TestChecklistBugFix" name="test_toggle_checklist_item" time="0.153" /><testcase classname="tests.test_bug_fixes.TestChecklistBugFix" name="test_delete_checklist_item" time="0.105" /><testcase classname="tests.test_bug_fixes.TestFileUploadBugFix" name="test_upload_file_returns_valid_json" time="0.392" /><testcase classname="tests.test_bug_fixes.TestFileUploadBugFix" name="test_get_attachments_no_id_field" time="0.033" /><testcase classname="tests.test_bug_fixes.TestFileUploadBugFix" name="test_delete_attachment" time="0.070" /><testcase classname="tests.test_bug_fixes.TestMentionsFeature" name="test_get_project_members_for_mentions" time="0.414" /><testcase classname="tests.test_bug_fixes.TestMentionsFeature" name="test_create_comment_with_mention" time="0.038" /><testcase classname="tests.test_bug_fixes.TestMentionsFeature" name="test_get_comments_with_mentions" time="0.034" /><testcase classname="tests.test_bug_fixes.TestSpecificTask" name="test_get_specific_task" time="0.374" /></testsuite></testsuites>